INFO [2024-06-03 11:48:56] [[1]]
INFO [2024-06-03 11:48:56] vennlist
INFO [2024-06-03 11:48:56] 
INFO [2024-06-03 11:48:56] $height
INFO [2024-06-03 11:48:56] [1] 5
INFO [2024-06-03 11:48:56] 
INFO [2024-06-03 11:48:56] $width
INFO [2024-06-03 11:48:56] [1] 5
INFO [2024-06-03 11:48:56] 
INFO [2024-06-03 11:48:56] $filename
INFO [2024-06-03 11:48:56] NULL
INFO [2024-06-03 11:48:56] 
INFO [2024-06-03 11:48:56] $fill
INFO [2024-06-03 11:48:56] c("#00AED7", "#FD9347")
INFO [2024-06-03 11:48:56] 
INFO [2024-06-03 11:48:56] $cat.col
INFO [2024-06-03 11:48:56] c("#00AED7", "#FD9347")
INFO [2024-06-03 11:48:56] 
INFO [2024-06-03 11:48:56] $alpha
INFO [2024-06-03 11:48:56] [1] 0.85
INFO [2024-06-03 11:48:56] 
INFO [2024-06-03 11:48:56] $fontfamily
INFO [2024-06-03 11:48:56] [1] "serif"
INFO [2024-06-03 11:48:56] 
INFO [2024-06-03 11:48:56] $fontface
INFO [2024-06-03 11:48:56] [1] "bold"
INFO [2024-06-03 11:48:56] 
INFO [2024-06-03 11:48:56] $cex
INFO [2024-06-03 11:48:56] [1] 1.2
INFO [2024-06-03 11:48:56] 
INFO [2024-06-03 11:48:56] $cat.cex
INFO [2024-06-03 11:48:56] [1] 1.3
INFO [2024-06-03 11:48:56] 
INFO [2024-06-03 11:48:56] $cat.default.pos
INFO [2024-06-03 11:48:56] [1] "outer"
INFO [2024-06-03 11:48:56] 
INFO [2024-06-03 11:48:56] $cat.dist
INFO [2024-06-03 11:48:56] [1] 0.1
INFO [2024-06-03 11:48:56] 
INFO [2024-06-03 11:48:56] $margin
INFO [2024-06-03 11:48:56] [1] 0.1
INFO [2024-06-03 11:48:56] 
INFO [2024-06-03 11:48:56] $lwd
INFO [2024-06-03 11:48:56] [1] 3
INFO [2024-06-03 11:48:56] 
INFO [2024-06-03 11:48:56] $lty
INFO [2024-06-03 11:48:56] [1] "dotted"
INFO [2024-06-03 11:48:56] 
INFO [2024-06-03 11:48:56] $imagetype
INFO [2024-06-03 11:48:56] [1] "svg"
INFO [2024-06-03 11:48:56] 
