INFO [2024-06-03 11:49:02] [[1]]
INFO [2024-06-03 11:49:02] vennlist
INFO [2024-06-03 11:49:02] 
INFO [2024-06-03 11:49:02] $height
INFO [2024-06-03 11:49:02] [1] 5
INFO [2024-06-03 11:49:02] 
INFO [2024-06-03 11:49:02] $width
INFO [2024-06-03 11:49:02] [1] 5
INFO [2024-06-03 11:49:02] 
INFO [2024-06-03 11:49:02] $filename
INFO [2024-06-03 11:49:02] NULL
INFO [2024-06-03 11:49:02] 
INFO [2024-06-03 11:49:02] $fill
INFO [2024-06-03 11:49:02] c("#00AED7", "#FD9347")
INFO [2024-06-03 11:49:02] 
INFO [2024-06-03 11:49:02] $cat.col
INFO [2024-06-03 11:49:02] c("#00AED7", "#FD9347")
INFO [2024-06-03 11:49:02] 
INFO [2024-06-03 11:49:02] $alpha
INFO [2024-06-03 11:49:02] [1] 0.85
INFO [2024-06-03 11:49:02] 
INFO [2024-06-03 11:49:02] $fontfamily
INFO [2024-06-03 11:49:02] [1] "serif"
INFO [2024-06-03 11:49:02] 
INFO [2024-06-03 11:49:02] $fontface
INFO [2024-06-03 11:49:02] [1] "bold"
INFO [2024-06-03 11:49:02] 
INFO [2024-06-03 11:49:02] $cex
INFO [2024-06-03 11:49:02] [1] 1.2
INFO [2024-06-03 11:49:02] 
INFO [2024-06-03 11:49:02] $cat.cex
INFO [2024-06-03 11:49:02] [1] 1.3
INFO [2024-06-03 11:49:02] 
INFO [2024-06-03 11:49:02] $cat.default.pos
INFO [2024-06-03 11:49:02] [1] "outer"
INFO [2024-06-03 11:49:02] 
INFO [2024-06-03 11:49:02] $cat.dist
INFO [2024-06-03 11:49:02] [1] 0.1
INFO [2024-06-03 11:49:02] 
INFO [2024-06-03 11:49:02] $margin
INFO [2024-06-03 11:49:02] [1] 0.1
INFO [2024-06-03 11:49:02] 
INFO [2024-06-03 11:49:02] $lwd
INFO [2024-06-03 11:49:02] [1] 3
INFO [2024-06-03 11:49:02] 
INFO [2024-06-03 11:49:02] $lty
INFO [2024-06-03 11:49:02] [1] "dotted"
INFO [2024-06-03 11:49:02] 
INFO [2024-06-03 11:49:02] $imagetype
INFO [2024-06-03 11:49:02] [1] "svg"
INFO [2024-06-03 11:49:02] 
