INFO [2024-06-03 11:57:11] [[1]]
INFO [2024-06-03 11:57:11] vennlist
INFO [2024-06-03 11:57:11] 
INFO [2024-06-03 11:57:11] $height
INFO [2024-06-03 11:57:11] [1] 5
INFO [2024-06-03 11:57:11] 
INFO [2024-06-03 11:57:11] $width
INFO [2024-06-03 11:57:11] [1] 5
INFO [2024-06-03 11:57:11] 
INFO [2024-06-03 11:57:11] $filename
INFO [2024-06-03 11:57:11] NULL
INFO [2024-06-03 11:57:11] 
INFO [2024-06-03 11:57:11] $fill
INFO [2024-06-03 11:57:11] c("#00AED7", "#FD9347")
INFO [2024-06-03 11:57:11] 
INFO [2024-06-03 11:57:11] $cat.col
INFO [2024-06-03 11:57:11] c("#00AED7", "#FD9347")
INFO [2024-06-03 11:57:11] 
INFO [2024-06-03 11:57:11] $alpha
INFO [2024-06-03 11:57:11] [1] 0.85
INFO [2024-06-03 11:57:11] 
INFO [2024-06-03 11:57:11] $fontfamily
INFO [2024-06-03 11:57:11] [1] "serif"
INFO [2024-06-03 11:57:11] 
INFO [2024-06-03 11:57:11] $fontface
INFO [2024-06-03 11:57:11] [1] "bold"
INFO [2024-06-03 11:57:11] 
INFO [2024-06-03 11:57:11] $cex
INFO [2024-06-03 11:57:11] [1] 1.2
INFO [2024-06-03 11:57:11] 
INFO [2024-06-03 11:57:11] $cat.cex
INFO [2024-06-03 11:57:11] [1] 1.3
INFO [2024-06-03 11:57:11] 
INFO [2024-06-03 11:57:11] $cat.default.pos
INFO [2024-06-03 11:57:11] [1] "outer"
INFO [2024-06-03 11:57:11] 
INFO [2024-06-03 11:57:11] $cat.dist
INFO [2024-06-03 11:57:11] [1] 0.1
INFO [2024-06-03 11:57:11] 
INFO [2024-06-03 11:57:11] $margin
INFO [2024-06-03 11:57:11] [1] 0.1
INFO [2024-06-03 11:57:11] 
INFO [2024-06-03 11:57:11] $lwd
INFO [2024-06-03 11:57:11] [1] 3
INFO [2024-06-03 11:57:11] 
INFO [2024-06-03 11:57:11] $lty
INFO [2024-06-03 11:57:11] [1] "dotted"
INFO [2024-06-03 11:57:11] 
INFO [2024-06-03 11:57:11] $imagetype
INFO [2024-06-03 11:57:11] [1] "svg"
INFO [2024-06-03 11:57:11] 
