INFO [2024-06-03 11:52:06] [[1]]
INFO [2024-06-03 11:52:06] vennlist
INFO [2024-06-03 11:52:06] 
INFO [2024-06-03 11:52:06] $height
INFO [2024-06-03 11:52:06] [1] 5
INFO [2024-06-03 11:52:06] 
INFO [2024-06-03 11:52:06] $width
INFO [2024-06-03 11:52:06] [1] 5
INFO [2024-06-03 11:52:06] 
INFO [2024-06-03 11:52:06] $filename
INFO [2024-06-03 11:52:06] NULL
INFO [2024-06-03 11:52:06] 
INFO [2024-06-03 11:52:06] $fill
INFO [2024-06-03 11:52:06] c("#00AED7", "#FD9347")
INFO [2024-06-03 11:52:06] 
INFO [2024-06-03 11:52:06] $cat.col
INFO [2024-06-03 11:52:06] c("#00AED7", "#FD9347")
INFO [2024-06-03 11:52:06] 
INFO [2024-06-03 11:52:06] $alpha
INFO [2024-06-03 11:52:06] [1] 0.85
INFO [2024-06-03 11:52:06] 
INFO [2024-06-03 11:52:06] $fontfamily
INFO [2024-06-03 11:52:06] [1] "serif"
INFO [2024-06-03 11:52:06] 
INFO [2024-06-03 11:52:06] $fontface
INFO [2024-06-03 11:52:06] [1] "bold"
INFO [2024-06-03 11:52:06] 
INFO [2024-06-03 11:52:06] $cex
INFO [2024-06-03 11:52:06] [1] 1.2
INFO [2024-06-03 11:52:06] 
INFO [2024-06-03 11:52:06] $cat.cex
INFO [2024-06-03 11:52:06] [1] 1.3
INFO [2024-06-03 11:52:06] 
INFO [2024-06-03 11:52:06] $cat.default.pos
INFO [2024-06-03 11:52:06] [1] "outer"
INFO [2024-06-03 11:52:06] 
INFO [2024-06-03 11:52:06] $cat.dist
INFO [2024-06-03 11:52:06] [1] 0.1
INFO [2024-06-03 11:52:06] 
INFO [2024-06-03 11:52:06] $margin
INFO [2024-06-03 11:52:06] [1] 0.1
INFO [2024-06-03 11:52:06] 
INFO [2024-06-03 11:52:06] $lwd
INFO [2024-06-03 11:52:06] [1] 3
INFO [2024-06-03 11:52:06] 
INFO [2024-06-03 11:52:06] $lty
INFO [2024-06-03 11:52:06] [1] "dotted"
INFO [2024-06-03 11:52:06] 
INFO [2024-06-03 11:52:06] $imagetype
INFO [2024-06-03 11:52:06] [1] "svg"
INFO [2024-06-03 11:52:06] 
