INFO [2024-06-03 13:46:58] [[1]]
INFO [2024-06-03 13:46:58] vennlist
INFO [2024-06-03 13:46:58] 
INFO [2024-06-03 13:46:58] $height
INFO [2024-06-03 13:46:58] [1] 5
INFO [2024-06-03 13:46:58] 
INFO [2024-06-03 13:46:58] $width
INFO [2024-06-03 13:46:58] [1] 5
INFO [2024-06-03 13:46:58] 
INFO [2024-06-03 13:46:58] $filename
INFO [2024-06-03 13:46:58] NULL
INFO [2024-06-03 13:46:58] 
INFO [2024-06-03 13:46:58] $fill
INFO [2024-06-03 13:46:58] c("#00AED7", "#FD9347")
INFO [2024-06-03 13:46:58] 
INFO [2024-06-03 13:46:58] $cat.col
INFO [2024-06-03 13:46:58] c("#00AED7", "#FD9347")
INFO [2024-06-03 13:46:58] 
INFO [2024-06-03 13:46:58] $alpha
INFO [2024-06-03 13:46:58] [1] 0.85
INFO [2024-06-03 13:46:58] 
INFO [2024-06-03 13:46:58] $fontfamily
INFO [2024-06-03 13:46:58] [1] "serif"
INFO [2024-06-03 13:46:58] 
INFO [2024-06-03 13:46:58] $fontface
INFO [2024-06-03 13:46:58] [1] "bold"
INFO [2024-06-03 13:46:58] 
INFO [2024-06-03 13:46:58] $cex
INFO [2024-06-03 13:46:58] [1] 1.2
INFO [2024-06-03 13:46:58] 
INFO [2024-06-03 13:46:58] $cat.cex
INFO [2024-06-03 13:46:58] [1] 1.3
INFO [2024-06-03 13:46:58] 
INFO [2024-06-03 13:46:58] $cat.default.pos
INFO [2024-06-03 13:46:58] [1] "outer"
INFO [2024-06-03 13:46:58] 
INFO [2024-06-03 13:46:58] $cat.dist
INFO [2024-06-03 13:46:58] [1] 0.1
INFO [2024-06-03 13:46:58] 
INFO [2024-06-03 13:46:58] $margin
INFO [2024-06-03 13:46:58] [1] 0.1
INFO [2024-06-03 13:46:58] 
INFO [2024-06-03 13:46:58] $lwd
INFO [2024-06-03 13:46:58] [1] 3
INFO [2024-06-03 13:46:58] 
INFO [2024-06-03 13:46:58] $lty
INFO [2024-06-03 13:46:58] [1] "dotted"
INFO [2024-06-03 13:46:58] 
INFO [2024-06-03 13:46:58] $imagetype
INFO [2024-06-03 13:46:58] [1] "svg"
INFO [2024-06-03 13:46:58] 
