INFO [2024-06-03 14:45:39] [[1]]
INFO [2024-06-03 14:45:39] vennlist
INFO [2024-06-03 14:45:39] 
INFO [2024-06-03 14:45:39] $height
INFO [2024-06-03 14:45:39] [1] 5
INFO [2024-06-03 14:45:39] 
INFO [2024-06-03 14:45:39] $width
INFO [2024-06-03 14:45:39] [1] 5
INFO [2024-06-03 14:45:39] 
INFO [2024-06-03 14:45:39] $filename
INFO [2024-06-03 14:45:39] NULL
INFO [2024-06-03 14:45:39] 
INFO [2024-06-03 14:45:39] $fill
INFO [2024-06-03 14:45:39] c("#00AED7", "#FD9347")
INFO [2024-06-03 14:45:39] 
INFO [2024-06-03 14:45:39] $cat.col
INFO [2024-06-03 14:45:39] c("#00AED7", "#FD9347")
INFO [2024-06-03 14:45:39] 
INFO [2024-06-03 14:45:39] $alpha
INFO [2024-06-03 14:45:39] [1] 0.85
INFO [2024-06-03 14:45:39] 
INFO [2024-06-03 14:45:39] $fontfamily
INFO [2024-06-03 14:45:39] [1] "serif"
INFO [2024-06-03 14:45:39] 
INFO [2024-06-03 14:45:39] $fontface
INFO [2024-06-03 14:45:39] [1] "bold"
INFO [2024-06-03 14:45:39] 
INFO [2024-06-03 14:45:39] $cex
INFO [2024-06-03 14:45:39] [1] 1.2
INFO [2024-06-03 14:45:39] 
INFO [2024-06-03 14:45:39] $cat.cex
INFO [2024-06-03 14:45:39] [1] 1.3
INFO [2024-06-03 14:45:39] 
INFO [2024-06-03 14:45:39] $cat.default.pos
INFO [2024-06-03 14:45:39] [1] "outer"
INFO [2024-06-03 14:45:39] 
INFO [2024-06-03 14:45:39] $cat.dist
INFO [2024-06-03 14:45:39] [1] 0.1
INFO [2024-06-03 14:45:39] 
INFO [2024-06-03 14:45:39] $margin
INFO [2024-06-03 14:45:39] [1] 0.1
INFO [2024-06-03 14:45:39] 
INFO [2024-06-03 14:45:39] $lwd
INFO [2024-06-03 14:45:39] [1] 3
INFO [2024-06-03 14:45:39] 
INFO [2024-06-03 14:45:39] $lty
INFO [2024-06-03 14:45:39] [1] "dotted"
INFO [2024-06-03 14:45:39] 
INFO [2024-06-03 14:45:39] $imagetype
INFO [2024-06-03 14:45:39] [1] "svg"
INFO [2024-06-03 14:45:39] 
