INFO [2024-06-03 11:51:15] [[1]]
INFO [2024-06-03 11:51:15] vennlist
INFO [2024-06-03 11:51:15] 
INFO [2024-06-03 11:51:15] $height
INFO [2024-06-03 11:51:15] [1] 5
INFO [2024-06-03 11:51:15] 
INFO [2024-06-03 11:51:15] $width
INFO [2024-06-03 11:51:15] [1] 5
INFO [2024-06-03 11:51:15] 
INFO [2024-06-03 11:51:15] $filename
INFO [2024-06-03 11:51:15] NULL
INFO [2024-06-03 11:51:15] 
INFO [2024-06-03 11:51:15] $fill
INFO [2024-06-03 11:51:15] c("#00AED7", "#FD9347")
INFO [2024-06-03 11:51:15] 
INFO [2024-06-03 11:51:15] $cat.col
INFO [2024-06-03 11:51:15] c("#00AED7", "#FD9347")
INFO [2024-06-03 11:51:15] 
INFO [2024-06-03 11:51:15] $alpha
INFO [2024-06-03 11:51:15] [1] 0.85
INFO [2024-06-03 11:51:15] 
INFO [2024-06-03 11:51:15] $fontfamily
INFO [2024-06-03 11:51:15] [1] "serif"
INFO [2024-06-03 11:51:15] 
INFO [2024-06-03 11:51:15] $fontface
INFO [2024-06-03 11:51:15] [1] "bold"
INFO [2024-06-03 11:51:15] 
INFO [2024-06-03 11:51:15] $cex
INFO [2024-06-03 11:51:15] [1] 1.2
INFO [2024-06-03 11:51:15] 
INFO [2024-06-03 11:51:15] $cat.cex
INFO [2024-06-03 11:51:15] [1] 1.3
INFO [2024-06-03 11:51:15] 
INFO [2024-06-03 11:51:15] $cat.default.pos
INFO [2024-06-03 11:51:15] [1] "outer"
INFO [2024-06-03 11:51:15] 
INFO [2024-06-03 11:51:15] $cat.dist
INFO [2024-06-03 11:51:15] [1] 0.1
INFO [2024-06-03 11:51:15] 
INFO [2024-06-03 11:51:15] $margin
INFO [2024-06-03 11:51:15] [1] 0.1
INFO [2024-06-03 11:51:15] 
INFO [2024-06-03 11:51:15] $lwd
INFO [2024-06-03 11:51:15] [1] 3
INFO [2024-06-03 11:51:15] 
INFO [2024-06-03 11:51:15] $lty
INFO [2024-06-03 11:51:15] [1] "dotted"
INFO [2024-06-03 11:51:15] 
INFO [2024-06-03 11:51:15] $imagetype
INFO [2024-06-03 11:51:15] [1] "svg"
INFO [2024-06-03 11:51:15] 
