INFO [2024-06-03 11:48:45] [[1]]
INFO [2024-06-03 11:48:45] vennlist
INFO [2024-06-03 11:48:45] 
INFO [2024-06-03 11:48:45] $height
INFO [2024-06-03 11:48:45] [1] 5
INFO [2024-06-03 11:48:45] 
INFO [2024-06-03 11:48:45] $width
INFO [2024-06-03 11:48:45] [1] 5
INFO [2024-06-03 11:48:45] 
INFO [2024-06-03 11:48:45] $filename
INFO [2024-06-03 11:48:45] NULL
INFO [2024-06-03 11:48:45] 
INFO [2024-06-03 11:48:45] $fill
INFO [2024-06-03 11:48:45] c("#00AED7", "#FD9347")
INFO [2024-06-03 11:48:45] 
INFO [2024-06-03 11:48:45] $cat.col
INFO [2024-06-03 11:48:45] c("#00AED7", "#FD9347")
INFO [2024-06-03 11:48:45] 
INFO [2024-06-03 11:48:45] $alpha
INFO [2024-06-03 11:48:45] [1] 0.85
INFO [2024-06-03 11:48:45] 
INFO [2024-06-03 11:48:45] $fontfamily
INFO [2024-06-03 11:48:45] [1] "serif"
INFO [2024-06-03 11:48:45] 
INFO [2024-06-03 11:48:45] $fontface
INFO [2024-06-03 11:48:45] [1] "bold"
INFO [2024-06-03 11:48:45] 
INFO [2024-06-03 11:48:45] $cex
INFO [2024-06-03 11:48:45] [1] 1.2
INFO [2024-06-03 11:48:45] 
INFO [2024-06-03 11:48:45] $cat.cex
INFO [2024-06-03 11:48:45] [1] 1.3
INFO [2024-06-03 11:48:45] 
INFO [2024-06-03 11:48:45] $cat.default.pos
INFO [2024-06-03 11:48:45] [1] "outer"
INFO [2024-06-03 11:48:45] 
INFO [2024-06-03 11:48:45] $cat.dist
INFO [2024-06-03 11:48:45] [1] 0.1
INFO [2024-06-03 11:48:45] 
INFO [2024-06-03 11:48:45] $margin
INFO [2024-06-03 11:48:45] [1] 0.1
INFO [2024-06-03 11:48:45] 
INFO [2024-06-03 11:48:45] $lwd
INFO [2024-06-03 11:48:45] [1] 3
INFO [2024-06-03 11:48:45] 
INFO [2024-06-03 11:48:45] $lty
INFO [2024-06-03 11:48:45] [1] "dotted"
INFO [2024-06-03 11:48:45] 
INFO [2024-06-03 11:48:45] $imagetype
INFO [2024-06-03 11:48:45] [1] "svg"
INFO [2024-06-03 11:48:45] 
